
> pos-ui@0.0.0 test
> ng test --no-watch --browsers=ChromeHeadless

‚ùØ Building...
‚úî Building...
Application bundle generation failed. [2.328 seconds] - 2025-10-13T13:19:03.227Z

[31m‚úò [41;31m[[41;97mERROR[41;31m][0m [1mTS2339: Property 'productAdded' does not exist on type 'ProductList'.[0m [1m[35m[plugin angular-compiler][0m

    src/app/components/product-list/product-list.spec.ts:81:22:
[37m      81 ‚îÇ       spyOn(component.[32mproductAdded[37m, 'emit');
         ‚ïµ                       [32m~~~~~~~~~~~~[0m


[31m‚úò [41;31m[[41;97mERROR[41;31m][0m [1mTS2339: Property 'openVariantModal' does not exist on type 'ProductList'.[0m [1m[35m[plugin angular-compiler][0m

    src/app/components/product-list/product-list.spec.ts:82:22:
[37m      82 ‚îÇ       spyOn(component.[32mopenVariantModal[37m, 'emit');
         ‚ïµ                       [32m~~~~~~~~~~~~~~~~[0m


[31m‚úò [41;31m[[41;97mERROR[41;31m][0m [1mTS2339: Property 'openVariantModal' does not exist on type 'ProductList'.[0m [1m[35m[plugin angular-compiler][0m

    src/app/components/product-list/product-list.spec.ts:91:23:
[37m      91 ‚îÇ       expect(component.[32mopenVariantModal[37m.emit).toHaveBeenCalledWith...
         ‚ïµ                        [32m~~~~~~~~~~~~~~~~[0m


[31m‚úò [41;31m[[41;97mERROR[41;31m][0m [1mTS2339: Property 'productAdded' does not exist on type 'ProductList'.[0m [1m[35m[plugin angular-compiler][0m

    src/app/components/product-list/product-list.spec.ts:92:23:
[37m      92 ‚îÇ       expect(component.[32mproductAdded[37m.emit).not.toHaveBeenCalled();
         ‚ïµ                        [32m~~~~~~~~~~~~[0m


[31m‚úò [41;31m[[41;97mERROR[41;31m][0m [1mTS2339: Property 'productAdded' does not exist on type 'ProductList'.[0m [1m[35m[plugin angular-compiler][0m

    src/app/components/product-list/product-list.spec.ts:102:23:
[37m      102 ‚îÇ       expect(component.[32mproductAdded[37m.emit).toHaveBeenCalledWith(ja...
          ‚ïµ                        [32m~~~~~~~~~~~~[0m


[31m‚úò [41;31m[[41;97mERROR[41;31m][0m [1mTS2339: Property 'openVariantModal' does not exist on type 'ProductList'.[0m [1m[35m[plugin angular-compiler][0m

    src/app/components/product-list/product-list.spec.ts:110:23:
[37m      110 ‚îÇ       expect(component.[32mopenVariantModal[37m.emit).not.toHaveBeenCalle...
          ‚ïµ                        [32m~~~~~~~~~~~~~~~~[0m


[31m‚úò [41;31m[[41;97mERROR[41;31m][0m [1mTS2353: Object literal may only specify known properties, and 'total' does not exist in type 'OrderItem'.[0m [1m[35m[plugin angular-compiler][0m

    src/app/components/shopping-cart/cart-line/cart-line.spec.ts:40:4:
[37m      40 ‚îÇ     [32mtotal[37m: 20
         ‚ïµ     [32m~~~~~[0m


[31m‚úò [41;31m[[41;97mERROR[41;31m][0m [1mTS2353: Object literal may only specify known properties, and 'total' does not exist in type 'OrderItem'.[0m [1m[35m[plugin angular-compiler][0m

    src/app/components/shopping-cart/shopping-cart.spec.ts:51:4:
[37m      51 ‚îÇ     [32mtotal[37m: 10
         ‚ïµ     [32m~~~~~[0m


[31m‚úò [41;31m[[41;97mERROR[41;31m][0m [1mTS2353: Object literal may only specify known properties, and 'total' does not exist in type 'OrderItem'.[0m [1m[35m[plugin angular-compiler][0m

    src/app/components/shopping-cart/shopping-cart.spec.ts:60:4:
[37m      60 ‚îÇ     [32mtotal[37m: 40
         ‚ïµ     [32m~~~~~[0m


[31m‚úò [41;31m[[41;97mERROR[41;31m][0m [1mTS2339: Property 'processedItems' does not exist on type 'ShoppingCart'.[0m [1m[35m[plugin angular-compiler][0m

    src/app/components/shopping-cart/shopping-cart.spec.ts:105:34:
[37m      105 ‚îÇ       const processed = component.[32mprocessedItems[37m();
          ‚ïµ                                   [32m~~~~~~~~~~~~~~[0m


[31m‚úò [41;31m[[41;97mERROR[41;31m][0m [1mTS2353: Object literal may only specify known properties, and 'total' does not exist in type 'OrderItem'.[0m [1m[35m[plugin angular-compiler][0m

    src/app/components/shopping-cart/shopping-cart.spec.ts:117:8:
[37m      117 ‚îÇ         [32mtotal[37m: 15,
          ‚ïµ         [32m~~~~~[0m


[31m‚úò [41;31m[[41;97mERROR[41;31m][0m [1mTS2339: Property 'processedItems' does not exist on type 'ShoppingCart'.[0m [1m[35m[plugin angular-compiler][0m

    src/app/components/shopping-cart/shopping-cart.spec.ts:123:34:
[37m      123 ‚îÇ       const processed = component.[32mprocessedItems[37m();
          ‚ïµ                                   [32m~~~~~~~~~~~~~~[0m


[31m‚úò [41;31m[[41;97mERROR[41;31m][0m [1mTS2339: Property 'processedItems' does not exist on type 'ShoppingCart'.[0m [1m[35m[plugin angular-compiler][0m

    src/app/components/shopping-cart/shopping-cart.spec.ts:142:34:
[37m      142 ‚îÇ       const processed = component.[32mprocessedItems[37m();
          ‚ïµ                                   [32m~~~~~~~~~~~~~~[0m


[31m‚úò [41;31m[[41;97mERROR[41;31m][0m [1mTS2339: Property 'updateItems' does not exist on type 'ShoppingCart'.[0m [1m[35m[plugin angular-compiler][0m

    src/app/components/shopping-cart/shopping-cart.spec.ts:150:22:
[37m      150 ‚îÇ       spyOn(component.[32mupdateItems[37m, 'emit');
          ‚ïµ                       [32m~~~~~~~~~~~[0m


[31m‚úò [41;31m[[41;97mERROR[41;31m][0m [1mTS2339: Property 'updateItems' does not exist on type 'ShoppingCart'.[0m [1m[35m[plugin angular-compiler][0m

    src/app/components/shopping-cart/shopping-cart.spec.ts:161:23:
[37m      161 ‚îÇ       expect(component.[32mupdateItems[37m.emit).toHaveBeenCalledWith(exp...
          ‚ïµ                        [32m~~~~~~~~~~~[0m


[31m‚úò [41;31m[[41;97mERROR[41;31m][0m [1mTS2339: Property 'updateItems' does not exist on type 'ShoppingCart'.[0m [1m[35m[plugin angular-compiler][0m

    src/app/components/shopping-cart/shopping-cart.spec.ts:172:23:
[37m      172 ‚îÇ       expect(component.[32mupdateItems[37m.emit).toHaveBeenCalledWith(exp...
          ‚ïµ                        [32m~~~~~~~~~~~[0m


[31m‚úò [41;31m[[41;97mERROR[41;31m][0m [1mTS2339: Property 'updateItems' does not exist on type 'ShoppingCart'.[0m [1m[35m[plugin angular-compiler][0m

    src/app/components/shopping-cart/shopping-cart.spec.ts:183:23:
[37m      183 ‚îÇ       expect(component.[32mupdateItems[37m.emit).toHaveBeenCalledWith(exp...
          ‚ïµ                        [32m~~~~~~~~~~~[0m


[31m‚úò [41;31m[[41;97mERROR[41;31m][0m [1mTS2339: Property 'updateItems' does not exist on type 'ShoppingCart'.[0m [1m[35m[plugin angular-compiler][0m

    src/app/components/shopping-cart/shopping-cart.spec.ts:190:23:
[37m      190 ‚îÇ       expect(component.[32mupdateItems[37m.emit).toHaveBeenCalledWith(exp...
          ‚ïµ                        [32m~~~~~~~~~~~[0m


[31m‚úò [41;31m[[41;97mERROR[41;31m][0m [1mTS2353: Object literal may only specify known properties, and 'total' does not exist in type 'OrderItem'.[0m [1m[35m[plugin angular-compiler][0m

    src/app/pages/pos/pos.spec.ts:41:8:
[37m      41 ‚îÇ         [32mtotal[37m: product.price
         ‚ïµ         [32m~~~~~[0m


[31m‚úò [41;31m[[41;97mERROR[41;31m][0m [1mTS2345: Argument of type 'OrderItem' is not assignable to parameter of type 'Product'.
  Type 'OrderItem' is missing the following properties from type 'Product': name, description, imageUrl, category, variants[0m [1m[35m[plugin angular-compiler][0m

    src/app/pages/pos/pos.spec.ts:43:31:
[37m      43 ‚îÇ       component.onProductAdded([32morderItem[37m);
         ‚ïµ                                [32m~~~~~~~~~[0m


[31m‚úò [41;31m[[41;97mERROR[41;31m][0m [1mTS2353: Object literal may only specify known properties, and 'total' does not exist in type 'OrderItem'.[0m [1m[35m[plugin angular-compiler][0m

    src/app/pages/pos/pos.spec.ts:55:8:
[37m      55 ‚îÇ         [32mtotal[37m: product.price
         ‚ïµ         [32m~~~~~[0m


[31m‚úò [41;31m[[41;97mERROR[41;31m][0m [1mTS2339: Property 'set' does not exist on type 'Signal<OrderItem[]>'.[0m [1m[35m[plugin angular-compiler][0m

    src/app/pages/pos/pos.spec.ts:57:26:
[37m      57 ‚îÇ       component.cartItems.[32mset[37m([initialOrderItem]);
         ‚ïµ                           [32m~~~[0m


[31m‚úò [41;31m[[41;97mERROR[41;31m][0m [1mTS2353: Object literal may only specify known properties, and 'total' does not exist in type 'OrderItem'.[0m [1m[35m[plugin angular-compiler][0m

    src/app/pages/pos/pos.spec.ts:65:8:
[37m      65 ‚îÇ         [32mtotal[37m: product.price
         ‚ïµ         [32m~~~~~[0m


[31m‚úò [41;31m[[41;97mERROR[41;31m][0m [1mTS2345: Argument of type 'OrderItem' is not assignable to parameter of type 'Product'.
  Type 'OrderItem' is missing the following properties from type 'Product': name, description, imageUrl, category, variants[0m [1m[35m[plugin angular-compiler][0m

    src/app/pages/pos/pos.spec.ts:67:31:
[37m      67 ‚îÇ       component.onProductAdded([32mnewItem[37m);
         ‚ïµ                                [32m~~~~~~~[0m


[31m‚úò [41;31m[[41;97mERROR[41;31m][0m [1mTS2339: Property 'total' does not exist on type 'OrderItem'.[0m [1m[35m[plugin angular-compiler][0m

    src/app/pages/pos/pos.spec.ts:71:38:
[37m      71 ‚îÇ       expect(component.cartItems()[0].[32mtotal[37m).toBe(product.price * 2);
         ‚ïµ                                       [32m~~~~~[0m


[31m‚úò [41;31m[[41;97mERROR[41;31m][0m [1mTS2353: Object literal may only specify known properties, and 'total' does not exist in type 'OrderItem'.[0m [1m[35m[plugin angular-compiler][0m

    src/app/pages/pos/pos.spec.ts:86:8:
[37m      86 ‚îÇ         [32mtotal[37m: variant1.price!
         ‚ïµ         [32m~~~~~[0m


[31m‚úò [41;31m[[41;97mERROR[41;31m][0m [1mTS2353: Object literal may only specify known properties, and 'total' does not exist in type 'OrderItem'.[0m [1m[35m[plugin angular-compiler][0m

    src/app/pages/pos/pos.spec.ts:95:8:
[37m      95 ‚îÇ         [32mtotal[37m: variant2.price!
         ‚ïµ         [32m~~~~~[0m


[31m‚úò [41;31m[[41;97mERROR[41;31m][0m [1mTS2339: Property 'set' does not exist on type 'Signal<OrderItem[]>'.[0m [1m[35m[plugin angular-compiler][0m

    src/app/pages/pos/pos.spec.ts:98:26:
[37m      98 ‚îÇ       component.cartItems.[32mset[37m([item1]);
         ‚ïµ                           [32m~~~[0m


[31m‚úò [41;31m[[41;97mERROR[41;31m][0m [1mTS2345: Argument of type 'OrderItem' is not assignable to parameter of type 'Product'.
  Type 'OrderItem' is missing the following properties from type 'Product': name, description, imageUrl, category, variants[0m [1m[35m[plugin angular-compiler][0m

    src/app/pages/pos/pos.spec.ts:99:31:
[37m      99 ‚îÇ       component.onProductAdded([32mitem2[37m); // Add a different variant ...
         ‚ïµ                                [32m~~~~~[0m


[31m‚úò [41;31m[[41;97mERROR[41;31m][0m [1mTS2353: Object literal may only specify known properties, and 'total' does not exist in type 'OrderItem'.[0m [1m[35m[plugin angular-compiler][0m

    src/app/pages/pos/pos.spec.ts:109:8:
[37m      109 ‚îÇ         [32mtotal[37m: variant1.price!
          ‚ïµ         [32m~~~~~[0m


[31m‚úò [41;31m[[41;97mERROR[41;31m][0m [1mTS2345: Argument of type 'OrderItem' is not assignable to parameter of type 'Product'.
  Type 'OrderItem' is missing the following properties from type 'Product': name, description, imageUrl, category, variants[0m [1m[35m[plugin angular-compiler][0m

    src/app/pages/pos/pos.spec.ts:111:31:
[37m      111 ‚îÇ ... component.onProductAdded([32mitem1Again[37m); // Add the first varian...
          ‚ïµ                              [32m~~~~~~~~~~[0m


[31m‚úò [41;31m[[41;97mERROR[41;31m][0m [1mTS2339: Property 'total' does not exist on type 'OrderItem'.[0m [1m[35m[plugin angular-compiler][0m

    src/app/pages/pos/pos.spec.ts:114:38:
[37m      114 ‚îÇ ...expect(component.cartItems()[0].[32mtotal[37m).toBe(variant1.price! * 2);
          ‚ïµ                                    [32m~~~~~[0m


[31m‚úò [41;31m[[41;97mERROR[41;31m][0m [1mTS2353: Object literal may only specify known properties, and 'total' does not exist in type 'OrderItem'.[0m [1m[35m[plugin angular-compiler][0m

    src/app/pages/pos/pos.spec.ts:127:8:
[37m      127 ‚îÇ         [32mtotal[37m: product.price * 5
          ‚ïµ         [32m~~~~~[0m


